#
# A fatal error has been detected by the Java Runtime Environment:
#
#  Internal Error (0xc000000d), pid=5592, tid=0x000000000000025c
#
# JRE version: Java(TM) SE Runtime Environment (8.0_102-b14) (build 1.8.0_102-b14)
# Java VM: Java HotSpot(TM) 64-Bit Server VM (25.102-b14 mixed mode windows-amd64 compressed oops)
# Problematic frame:
# C  [ntdll.dll+0xfe5ac]
#
# Failed to write core dump. Minidumps are not enabled by default on client versions of Windows
#
# If you would like to submit a bug report, please visit:
#   http://bugreport.java.com/bugreport/crash.jsp
#

---------------  T H R E A D  ---------------

Current thread (0x000000001c247000):  VMThread [stack: 0x000000001d2e0000,0x000000001d3e0000] [id=604]

siginfo: ExceptionCode=0xc000000d

Registers:
RAX=0x0000000000000001, RBX=0x0000000000e63e80, RCX=0x0000000000000000, RDX=0x0000000000000000
RSP=0x000000001d3deac0, RBP=0x0000000000000000, RSI=0x000000001e7f1140, RDI=0x000000001e7f3990
R8 =0x0000000000000000, R9 =0x0000000000000000, R10=0x0000000000000000, R11=0x0000000000000000
R12=0x0000000000000000, R13=0x00000000ffffffff, R14=0x000000001e7c0da0, R15=0x000000001e7f1140
RIP=0x00007ffa8fe3e5ac, EFLAGS=0x0000000000000202

Top of Stack: (sp=0x000000001d3deac0)
0x000000001d3deac0:   0000000000000057 0000000000e63e80
0x000000001d3dead0:   000000001e7f1140 000000001e7f3990
0x000000001d3deae0:   00000000c000000d 0000000000000000
0x000000001d3deaf0:   00007ffa8fe3e5ac 0000000000000000
0x000000001d3deb00:   0000000000000000 0000000000000000
0x000000001d3deb10:   0000000000000000 0000000000000000
0x000000001d3deb20:   0000000000000000 0000000000000000
0x000000001d3deb30:   0000000000000000 0000000000000000
0x000000001d3deb40:   0000000000000000 0000000000000000
0x000000001d3deb50:   0000000000000000 0000000000000000
0x000000001d3deb60:   0000000000000000 0000000000000000
0x000000001d3deb70:   0000000000000000 000000001d3def60
0x000000001d3deb80:   000043163f9c8e9b 0000000000000000
0x000000001d3deb90:   000000001e7caec0 00007ffa8fe009fb
0x000000001d3deba0:   0000000000000080 00007ffa7a51e8db
0x000000001d3debb0:   0000000000110200 0000000000e59910 

Instructions: (pc=0x00007ffa8fe3e5ac)
0x00007ffa8fe3e58c:   d1 fa ff c7 44 24 20 0d 00 00 c0 b9 57 00 00 00
0x00007ffa8fe3e59c:   e8 df 0f f6 ff 90 48 8d 4c 24 20 e8 64 bb f4 ff
0x00007ffa8fe3e5ac:   eb 00 48 8b 8c 24 c0 00 00 00 48 33 cc e8 92 70
0x00007ffa8fe3e5bc:   f9 ff 48 81 c4 d8 00 00 00 c3 40 55 48 83 ec 20 


Register to memory mapping:

RAX=0x0000000000000001 is an unknown value
RBX=0x0000000000e63e80 is an unknown value
RCX=0x0000000000000000 is an unknown value
RDX=0x0000000000000000 is an unknown value
RSP=0x000000001d3deac0 is an unknown value
RBP=0x0000000000000000 is an unknown value
RSI=0x000000001e7f1140 is an unknown value
RDI=0x000000001e7f3990 is an unknown value
R8 =0x0000000000000000 is an unknown value
R9 =0x0000000000000000 is an unknown value
R10=0x0000000000000000 is an unknown value
R11=0x0000000000000000 is an unknown value
R12=0x0000000000000000 is an unknown value
R13=0x00000000ffffffff is an unknown value
R14=0x000000001e7c0da0 is an unknown value
R15=0x000000001e7f1140 is an unknown value


Stack: [0x000000001d2e0000,0x000000001d3e0000],  sp=0x000000001d3deac0,  free space=1018k
Native frames: (J=compiled Java code, j=interpreted, Vv=VM code, C=native code)

VM_Operation (0x0000000025e5d230): Exit, mode: safepoint, requested by thread 0x000000001dd8a800


---------------  P R O C E S S  ---------------

Java Threads: ( => current thread )
  0x0000000025ea2800 JavaThread "Thread-2" [_thread_blocked, id=1644, stack(0x0000000026660000,0x0000000026760000)]
  0x000000001dd8a800 JavaThread "AWT-EventQueue-0" [_thread_blocked, id=1088, stack(0x0000000025d60000,0x0000000025e60000)]
  0x000000001dd64800 JavaThread "AWT-Shutdown" [_thread_blocked, id=5388, stack(0x0000000025370000,0x0000000025470000)]
  0x000000001dd63800 JavaThread "Java2D Disposer" daemon [_thread_blocked, id=5884, stack(0x0000000025270000,0x0000000025370000)]
  0x000000001d9e5800 JavaThread "Service Thread" daemon [_thread_blocked, id=5404, stack(0x000000001dee0000,0x000000001dfe0000)]
  0x000000001d9e0800 JavaThread "C1 CompilerThread2" daemon [_thread_blocked, id=5236, stack(0x000000001dde0000,0x000000001dee0000)]
  0x000000001c2d9800 JavaThread "C2 CompilerThread1" daemon [_thread_blocked, id=5232, stack(0x000000001d8e0000,0x000000001d9e0000)]
  0x000000001c27d800 JavaThread "C2 CompilerThread0" daemon [_thread_blocked, id=5240, stack(0x000000001d7e0000,0x000000001d8e0000)]
  0x000000001c27b000 JavaThread "Attach Listener" daemon [_thread_blocked, id=3404, stack(0x000000001d6e0000,0x000000001d7e0000)]
  0x000000001c27a000 JavaThread "Signal Dispatcher" daemon [_thread_blocked, id=5352, stack(0x000000001d5e0000,0x000000001d6e0000)]
  0x000000001c26a800 JavaThread "Finalizer" daemon [_thread_blocked, id=5624, stack(0x000000001d4e0000,0x000000001d5e0000)]
  0x0000000002cd0000 JavaThread "Reference Handler" daemon [_thread_blocked, id=612, stack(0x000000001d3e0000,0x000000001d4e0000)]
  0x0000000002be0800 JavaThread "main" [_thread_blocked, id=5812, stack(0x00000000029e0000,0x0000000002ae0000)]

Other Threads:
=>0x000000001c247000 VMThread [stack: 0x000000001d2e0000,0x000000001d3e0000] [id=604]

VM state:at safepoint (shutting down)

VM Mutex/Monitor currently owned by a thread:  ([mutex/lock_event])
[0x0000000002bdc580] Threads_lock - owner thread: 0x000000001c247000

Heap:
 PSYoungGen      total 538112K, used 409033K [0x000000076b580000, 0x000000078d680000, 0x00000007c0000000)
  eden space 519168K, 76% used [0x000000076b580000,0x00000007836e2410,0x000000078b080000)
  from space 18944K, 76% used [0x000000078c400000,0x000000078d210020,0x000000078d680000)
  to   space 19456K, 0% used [0x000000078b080000,0x000000078b080000,0x000000078c380000)
 ParOldGen       total 173568K, used 26221K [0x00000006c2000000, 0x00000006cc980000, 0x000000076b580000)
  object space 173568K, 15% used [0x00000006c2000000,0x00000006c399b7f8,0x00000006cc980000)
 Metaspace       used 8732K, capacity 8950K, committed 9088K, reserved 1056768K
  class space    used 1030K, capacity 1132K, committed 1152K, reserved 1048576K

Card table byte_map: [0x00000000120a0000,0x00000000128a0000] byte_map_base: 0x000000000ea90000

Marking Bits: (ParMarkBitMap*) 0x0000000076c3a6c0
 Begin Bits: [0x00000000131f0000, 0x0000000017170000)
 End Bits:   [0x0000000017170000, 0x000000001b0f0000)

Polling page: 0x0000000000d60000

CodeCache: size=245760Kb used=2296Kb max_used=2296Kb free=243463Kb
 bounds [0x0000000002ce0000, 0x0000000002f50000, 0x0000000011ce0000]
 total_blobs=1065 nmethods=555 adapters=423
 compilation: enabled

Compilation events (10 events):
Event: 3.956 Thread 0x000000001d9e0800  551       3       java.awt.Window::isOpaque (29 bytes)
Event: 3.957 Thread 0x000000001d9e0800 nmethod 551 0x0000000002f1c3d0 code [0x0000000002f1c560, 0x0000000002f1cb88]
Event: 3.957 Thread 0x000000001d9e0800  552       3       sun.java2d.SunGraphics2D::translate (68 bytes)
Event: 3.957 Thread 0x000000001d9e0800 nmethod 552 0x0000000002f1cd50 code [0x0000000002f1cee0, 0x0000000002f1d238]
Event: 3.957 Thread 0x000000001d9e0800  553       3       java.awt.geom.AffineTransform::translate (547 bytes)
Event: 3.958 Thread 0x000000001d9e0800 nmethod 553 0x0000000002f1d310 code [0x0000000002f1d4c0, 0x0000000002f1e048]
Event: 4.053 Thread 0x000000001d9e0800  554       3       java.awt.EventQueue::postEvent (13 bytes)
Event: 4.054 Thread 0x000000001d9e0800 nmethod 554 0x0000000002f1e190 code [0x0000000002f1e320, 0x0000000002f1e748]
Event: 4.054 Thread 0x000000001d9e0800  555       3       sun.java2d.SunGraphics2D::validateColor (102 bytes)
Event: 4.054 Thread 0x000000001d9e0800 nmethod 555 0x0000000002f1e910 code [0x0000000002f1eaa0, 0x0000000002f1f0d8]

GC Heap History (10 events):
Event: 2.280 GC heap before
{Heap before GC invocations=4 (full 0):
 PSYoungGen      total 75776K, used 75756K [0x000000076b580000, 0x0000000774980000, 0x00000007c0000000)
  eden space 65024K, 100% used [0x000000076b580000,0x000000076f500000,0x000000076f500000)
  from space 10752K, 99% used [0x000000076f500000,0x000000076ff7b170,0x000000076ff80000)
  to   space 10752K, 0% used [0x0000000773f00000,0x0000000773f00000,0x0000000774980000)
 ParOldGen       total 173568K, used 11132K [0x00000006c2000000, 0x00000006cc980000, 0x000000076b580000)
  object space 173568K, 6% used [0x00000006c2000000,0x00000006c2adf350,0x00000006cc980000)
 Metaspace       used 8657K, capacity 8882K, committed 9088K, reserved 1056768K
  class space    used 1030K, capacity 1132K, committed 1152K, reserved 1048576K
Event: 2.299 GC heap after
Heap after GC invocations=4 (full 0):
 PSYoungGen      total 140800K, used 10732K [0x000000076b580000, 0x0000000774980000, 0x00000007c0000000)
  eden space 130048K, 0% used [0x000000076b580000,0x000000076b580000,0x0000000773480000)
  from space 10752K, 99% used [0x0000000773f00000,0x000000077497b170,0x0000000774980000)
  to   space 10752K, 0% used [0x0000000773480000,0x0000000773480000,0x0000000773f00000)
 ParOldGen       total 173568K, used 17116K [0x00000006c2000000, 0x00000006cc980000, 0x000000076b580000)
  object space 173568K, 9% used [0x00000006c2000000,0x00000006c30b7350,0x00000006cc980000)
 Metaspace       used 8657K, capacity 8882K, committed 9088K, reserved 1056768K
  class space    used 1030K, capacity 1132K, committed 1152K, reserved 1048576K
}
Event: 2.504 GC heap before
{Heap before GC invocations=5 (full 0):
 PSYoungGen      total 140800K, used 140780K [0x000000076b580000, 0x0000000774980000, 0x00000007c0000000)
  eden space 130048K, 100% used [0x000000076b580000,0x0000000773480000,0x0000000773480000)
  from space 10752K, 99% used [0x0000000773f00000,0x000000077497b170,0x0000000774980000)
  to   space 10752K, 0% used [0x0000000773480000,0x0000000773480000,0x0000000773f00000)
 ParOldGen       total 173568K, used 17116K [0x00000006c2000000, 0x00000006cc980000, 0x000000076b580000)
  object space 173568K, 9% used [0x00000006c2000000,0x00000006c30b7350,0x00000006cc980000)
 Metaspace       used 8661K, capacity 8882K, committed 9088K, reserved 1056768K
  class space    used 1030K, capacity 1132K, committed 1152K, reserved 1048576K
Event: 2.517 GC heap after
Heap after GC invocations=5 (full 0):
 PSYoungGen      total 140800K, used 10748K [0x000000076b580000, 0x000000077d980000, 0x00000007c0000000)
  eden space 130048K, 0% used [0x000000076b580000,0x000000076b580000,0x0000000773480000)
  from space 10752K, 99% used [0x0000000773480000,0x0000000773eff180,0x0000000773f00000)
  to   space 19456K, 0% used [0x000000077c680000,0x000000077c680000,0x000000077d980000)
 ParOldGen       total 173568K, used 23372K [0x00000006c2000000, 0x00000006cc980000, 0x000000076b580000)
  object space 173568K, 13% used [0x00000006c2000000,0x00000006c36d3350,0x00000006cc980000)
 Metaspace       used 8661K, capacity 8882K, committed 9088K, reserved 1056768K
  class space    used 1030K, capacity 1132K, committed 1152K, reserved 1048576K
}
Event: 2.692 GC heap before
{Heap before GC invocations=6 (full 0):
 PSYoungGen      total 140800K, used 140796K [0x000000076b580000, 0x000000077d980000, 0x00000007c0000000)
  eden space 130048K, 100% used [0x000000076b580000,0x0000000773480000,0x0000000773480000)
  from space 10752K, 99% used [0x0000000773480000,0x0000000773eff180,0x0000000773f00000)
  to   space 19456K, 0% used [0x000000077c680000,0x000000077c680000,0x000000077d980000)
 ParOldGen       total 173568K, used 23372K [0x00000006c2000000, 0x00000006cc980000, 0x000000076b580000)
  object space 173568K, 13% used [0x00000006c2000000,0x00000006c36d3350,0x00000006cc980000)
 Metaspace       used 8672K, capacity 8882K, committed 9088K, reserved 1056768K
  class space    used 1030K, capacity 1132K, committed 1152K, reserved 1048576K
Event: 2.707 GC heap after
Heap after GC invocations=6 (full 0):
 PSYoungGen      total 279040K, used 17948K [0x000000076b580000, 0x000000077da80000, 0x00000007c0000000)
  eden space 259584K, 0% used [0x000000076b580000,0x000000076b580000,0x000000077b300000)
  from space 19456K, 92% used [0x000000077c680000,0x000000077d807160,0x000000077d980000)
  to   space 19968K, 0% used [0x000000077b300000,0x000000077b300000,0x000000077c680000)
 ParOldGen       total 173568K, used 23380K [0x00000006c2000000, 0x00000006cc980000, 0x000000076b580000)
  object space 173568K, 13% used [0x00000006c2000000,0x00000006c36d5350,0x00000006cc980000)
 Metaspace       used 8672K, capacity 8882K, committed 9088K, reserved 1056768K
  class space    used 1030K, capacity 1132K, committed 1152K, reserved 1048576K
}
Event: 3.116 GC heap before
{Heap before GC invocations=7 (full 0):
 PSYoungGen      total 279040K, used 277532K [0x000000076b580000, 0x000000077da80000, 0x00000007c0000000)
  eden space 259584K, 100% used [0x000000076b580000,0x000000077b300000,0x000000077b300000)
  from space 19456K, 92% used [0x000000077c680000,0x000000077d807160,0x000000077d980000)
  to   space 19968K, 0% used [0x000000077b300000,0x000000077b300000,0x000000077c680000)
 ParOldGen       total 173568K, used 23380K [0x00000006c2000000, 0x00000006cc980000, 0x000000076b580000)
  object space 173568K, 13% used [0x00000006c2000000,0x00000006c36d5350,0x00000006cc980000)
 Metaspace       used 8701K, capacity 8946K, committed 9088K, reserved 1056768K
  class space    used 1030K, capacity 1132K, committed 1152K, reserved 1048576K
Event: 3.130 GC heap after
Heap after GC invocations=7 (full 0):
 PSYoungGen      total 279552K, used 13936K [0x000000076b580000, 0x000000078d780000, 0x00000007c0000000)
  eden space 259584K, 0% used [0x000000076b580000,0x000000076b580000,0x000000077b300000)
  from space 19968K, 69% used [0x000000077b300000,0x000000077c09c010,0x000000077c680000)
  to   space 19968K, 0% used [0x000000078c400000,0x000000078c400000,0x000000078d780000)
 ParOldGen       total 173568K, used 26221K [0x00000006c2000000, 0x00000006cc980000, 0x000000076b580000)
  object space 173568K, 15% used [0x00000006c2000000,0x00000006c399b7f8,0x00000006cc980000)
 Metaspace       used 8701K, capacity 8946K, committed 9088K, reserved 1056768K
  class space    used 1030K, capacity 1132K, committed 1152K, reserved 1048576K
}
Event: 3.504 GC heap before
{Heap before GC invocations=8 (full 0):
 PSYoungGen      total 279552K, used 273520K [0x000000076b580000, 0x000000078d780000, 0x00000007c0000000)
  eden space 259584K, 100% used [0x000000076b580000,0x000000077b300000,0x000000077b300000)
  from space 19968K, 69% used [0x000000077b300000,0x000000077c09c010,0x000000077c680000)
  to   space 19968K, 0% used [0x000000078c400000,0x000000078c400000,0x000000078d780000)
 ParOldGen       total 173568K, used 26221K [0x00000006c2000000, 0x00000006cc980000, 0x000000076b580000)
  object space 173568K, 15% used [0x00000006c2000000,0x00000006c399b7f8,0x00000006cc980000)
 Metaspace       used 8720K, capacity 8950K, committed 9088K, reserved 1056768K
  class space    used 1030K, capacity 1132K, committed 1152K, reserved 1048576K
Event: 3.515 GC heap after
Heap after GC invocations=8 (full 0):
 PSYoungGen      total 538112K, used 14400K [0x000000076b580000, 0x000000078d680000, 0x00000007c0000000)
  eden space 519168K, 0% used [0x000000076b580000,0x000000076b580000,0x000000078b080000)
  from space 18944K, 76% used [0x000000078c400000,0x000000078d210020,0x000000078d680000)
  to   space 19456K, 0% used [0x000000078b080000,0x000000078b080000,0x000000078c380000)
 ParOldGen       total 173568K, used 26221K [0x00000006c2000000, 0x00000006cc980000, 0x000000076b580000)
  object space 173568K, 15% used [0x00000006c2000000,0x00000006c399b7f8,0x00000006cc980000)
 Metaspace       used 8720K, capacity 8950K, committed 9088K, reserved 1056768K
  class space    used 1030K, capacity 1132K, committed 1152K, reserved 1048576K
}

Deoptimization events (4 events):
Event: 1.655 Thread 0x0000000002be0800 Uncommon trap: reason=unstable_if action=reinterpret pc=0x0000000002e95e38 method=opencv.MatImage.<init>(Lorg/opencv/core/Mat;)V @ 98
Event: 1.703 Thread 0x0000000002be0800 Uncommon trap: reason=unstable_if action=reinterpret pc=0x0000000002eadf68 method=opencv.MatImage.getBufferedImage()Ljava/awt/image/BufferedImage; @ 79
Event: 1.912 Thread 0x0000000025ea2800 Uncommon trap: reason=unstable_if action=reinterpret pc=0x0000000002ed1d18 method=opencv.MatImage.switchBlueGreenRed()V @ 79
Event: 1.912 Thread 0x0000000002be0800 Uncommon trap: reason=unstable_if action=reinterpret pc=0x0000000002ed077c method=opencv.LiveVideoFeedHighFPS.main([Ljava/lang/String;)V @ 301

Internal exceptions (10 events):
Event: 0.040 Thread 0x0000000002be0800 Exception <a 'java/lang/NoSuchMethodError': Method sun.misc.Unsafe.defineClass(Ljava/lang/String;[BII)Ljava/lang/Class; name or signature does not match> (0x000000076b587c78) thrown at [C:\re\workspace\8-2-build-windows-amd64-cygwin\jdk8u102\7268\hotspot\s3àR~[§?
Event: 0.040 Thread 0x0000000002be0800 Exception <a 'java/lang/NoSuchMethodError': Method sun.misc.Unsafe.prefetchRead(Ljava/lang/Object;J)V name or signature does not match> (0x000000076b587f60) thrown at [C:\re\workspace\8-2-build-windows-amd64-cygwin\jdk8u102\7268\hotspot\src\share\vm\prims\‚êÅª6•ı?
Event: 1.353 Thread 0x0000000002be0800 Exception <a 'java/security/PrivilegedActionException'> (0x000000076b652428) thrown at [C:\re\workspace\8-2-build-windows-amd64-cygwin\jdk8u102\7268\hotspot\src\share\vm\prims\jvm.cpp, line 1386]
Event: 1.353 Thread 0x0000000002be0800 Exception <a 'java/security/PrivilegedActionException'> (0x000000076b652638) thrown at [C:\re\workspace\8-2-build-windows-amd64-cygwin\jdk8u102\7268\hotspot\src\share\vm\prims\jvm.cpp, line 1386]
Event: 1.354 Thread 0x0000000002be0800 Exception <a 'java/security/PrivilegedActionException'> (0x000000076b656280) thrown at [C:\re\workspace\8-2-build-windows-amd64-cygwin\jdk8u102\7268\hotspot\src\share\vm\prims\jvm.cpp, line 1386]
Event: 1.354 Thread 0x0000000002be0800 Exception <a 'java/security/PrivilegedActionException'> (0x000000076b656490) thrown at [C:\re\workspace\8-2-build-windows-amd64-cygwin\jdk8u102\7268\hotspot\src\share\vm\prims\jvm.cpp, line 1386]
Event: 1.358 Thread 0x0000000002be0800 Exception <a 'java/io/FileNotFoundException'> (0x000000076b6588f8) thrown at [C:\re\workspace\8-2-build-windows-amd64-cygwin\jdk8u102\7268\hotspot\src\share\vm\prims\jni.cpp, line 709]
Event: 1.418 Thread 0x0000000002be0800 Exception <a 'java/lang/NoSuchFieldError': method resolution failed> (0x000000076b86b308) thrown at [C:\re\workspace\8-2-build-windows-amd64-cygwin\jdk8u102\7268\hotspot\src\share\vm\prims\methodHandles.cpp, line 1146]
Event: 1.427 Thread 0x0000000002be0800 Exception <a 'java/lang/NoSuchFieldError': method resolution failed> (0x000000076b8786d8) thrown at [C:\re\workspace\8-2-build-windows-amd64-cygwin\jdk8u102\7268\hotspot\src\share\vm\prims\methodHandles.cpp, line 1146]
Event: 1.488 Thread 0x0000000002be0800 Exception <a 'java/io/FileNotFoundException'> (0x000000076b90c5c0) thrown at [C:\re\workspace\8-2-build-windows-amd64-cygwin\jdk8u102\7268\hotspot\src\share\vm\prims\jni.cpp, line 709]

Events (10 events):
Event: 3.504 Executing VM operation: ParallelGCFailedAllocation
Event: 3.516 Executing VM operation: ParallelGCFailedAllocation done
Event: 4.066 Thread 0x0000000025ec3000 Thread added: 0x0000000025ec3000
Event: 4.066 Thread 0x0000000025ec6000 Thread added: 0x0000000025ec6000
Event: 4.066 Thread 0x0000000025ec6000 Thread exited: 0x0000000025ec6000
Event: 4.068 Thread 0x000000001dd69000 Thread exited: 0x000000001dd69000
Event: 4.139 Executing VM operation: EnableBiasedLocking
Event: 4.139 Executing VM operation: EnableBiasedLocking done
Event: 4.167 Thread 0x0000000025ec3000 Thread exited: 0x0000000025ec3000
Event: 4.167 Executing VM operation: Exit


Dynamic libraries:
0x00007ff77a650000 - 0x00007ff77a687000 	C:\Program Files\Java\jre1.8.0_102\bin\javaw.exe
0x00007ffa8fd40000 - 0x00007ffa8ff11000 	C:\WINDOWS\SYSTEM32\ntdll.dll
0x00007ffa8eff0000 - 0x00007ffa8f09b000 	C:\WINDOWS\System32\KERNEL32.DLL
0x00007ffa8cb10000 - 0x00007ffa8cd2d000 	C:\WINDOWS\System32\KERNELBASE.dll
0x00007ffa8f840000 - 0x00007ffa8f8e2000 	C:\WINDOWS\System32\ADVAPI32.dll
0x00007ffa8f4d0000 - 0x00007ffa8f56e000 	C:\WINDOWS\System32\msvcrt.dll
0x00007ffa8fb20000 - 0x00007ffa8fb79000 	C:\WINDOWS\System32\sechost.dll
0x00007ffa8ec00000 - 0x00007ffa8ed21000 	C:\WINDOWS\System32\RPCRT4.dll
0x00007ffa8f8f0000 - 0x00007ffa8fa55000 	C:\WINDOWS\System32\USER32.dll
0x00007ffa8cd30000 - 0x00007ffa8cd4e000 	C:\WINDOWS\System32\win32u.dll
0x00007ffa8d330000 - 0x00007ffa8d364000 	C:\WINDOWS\System32\GDI32.dll
0x00007ffa8d140000 - 0x00007ffa8d2c2000 	C:\WINDOWS\System32\gdi32full.dll
0x00007ffa7f710000 - 0x00007ffa7f989000 	C:\WINDOWS\WinSxS\amd64_microsoft.windows.common-controls_6595b64144ccf1df_6.0.14393.0_none_2d0f50fcbdb171b8\COMCTL32.dll
0x00007ffa8f570000 - 0x00007ffa8f837000 	C:\WINDOWS\System32\combase.dll
0x00007ffa8ce00000 - 0x00007ffa8cef5000 	C:\WINDOWS\System32\ucrtbase.dll
0x00007ffa8cf00000 - 0x00007ffa8cf6a000 	C:\WINDOWS\System32\bcryptPrimitives.dll
0x00007ffa8edc0000 - 0x00007ffa8edee000 	C:\WINDOWS\System32\IMM32.DLL
0x0000000076190000 - 0x0000000076261000 	C:\Program Files\Java\jre1.8.0_102\bin\msvcr100.dll
0x0000000076420000 - 0x0000000076cba000 	C:\Program Files\Java\jre1.8.0_102\bin\server\jvm.dll
0x00007ffa8ed30000 - 0x00007ffa8ed38000 	C:\WINDOWS\System32\PSAPI.DLL
0x00007ffa6fb10000 - 0x00007ffa6fb19000 	C:\WINDOWS\SYSTEM32\WSOCK32.dll
0x00007ffa8ed40000 - 0x00007ffa8edaa000 	C:\WINDOWS\System32\WS2_32.dll
0x00007ffa8a1e0000 - 0x00007ffa8a203000 	C:\WINDOWS\SYSTEM32\WINMM.dll
0x00007ffa7f6e0000 - 0x00007ffa7f6ea000 	C:\WINDOWS\SYSTEM32\VERSION.dll
0x00007ffa8a010000 - 0x00007ffa8a03b000 	C:\WINDOWS\SYSTEM32\WINMMBASE.dll
0x00007ffa8c2d0000 - 0x00007ffa8c312000 	C:\WINDOWS\System32\cfgmgr32.dll
0x0000000076330000 - 0x000000007633f000 	C:\Program Files\Java\jre1.8.0_102\bin\verify.dll
0x0000000076300000 - 0x0000000076329000 	C:\Program Files\Java\jre1.8.0_102\bin\java.dll
0x00000000762e0000 - 0x00000000762f6000 	C:\Program Files\Java\jre1.8.0_102\bin\zip.dll
0x00007ffa8d6f0000 - 0x00007ffa8ebf8000 	C:\WINDOWS\System32\SHELL32.dll
0x00007ffa8c320000 - 0x00007ffa8c9fa000 	C:\WINDOWS\System32\windows.storage.dll
0x00007ffa8c280000 - 0x00007ffa8c2cc000 	C:\WINDOWS\System32\powrprof.dll
0x00007ffa8d2d0000 - 0x00007ffa8d322000 	C:\WINDOWS\System32\shlwapi.dll
0x00007ffa8c260000 - 0x00007ffa8c26f000 	C:\WINDOWS\System32\kernel.appcore.dll
0x00007ffa8ca60000 - 0x00007ffa8cb09000 	C:\WINDOWS\System32\shcore.dll
0x00007ffa8c240000 - 0x00007ffa8c254000 	C:\WINDOWS\System32\profapi.dll
0x00007ffa5ea10000 - 0x00007ffa608b2000 	C:\Users\Theo Kachelski\git\2017-Vision-Testing\VisionTracking\files\opencv_java310.dll
0x00007ffa8d4f0000 - 0x00007ffa8d627000 	C:\WINDOWS\System32\ole32.dll
0x00007ffa89840000 - 0x00007ffa89869000 	C:\WINDOWS\SYSTEM32\MSVFW32.dll
0x00007ffa89870000 - 0x00007ffa89888000 	C:\WINDOWS\SYSTEM32\AVICAP32.dll
0x00007ffa89820000 - 0x00007ffa89840000 	C:\WINDOWS\SYSTEM32\AVIFIL32.dll
0x00007ffa8fa60000 - 0x00007ffa8fb1c000 	C:\WINDOWS\System32\OLEAUT32.dll
0x00007ffa89800000 - 0x00007ffa8981c000 	C:\WINDOWS\SYSTEM32\MSACM32.dll
0x00007ffa8a8d0000 - 0x00007ffa8a965000 	C:\WINDOWS\system32\uxtheme.dll
0x00007ffa8edf0000 - 0x00007ffa8ee8f000 	C:\WINDOWS\System32\clbcatq.dll
0x00007ffa897e0000 - 0x00007ffa897f8000 	C:\Windows\System32\devenum.dll
0x00007ffa8f0a0000 - 0x00007ffa8f4c9000 	C:\WINDOWS\System32\setupapi.dll
0x00007ffa8b650000 - 0x00007ffa8b682000 	C:\WINDOWS\SYSTEM32\ntmarta.dll
0x00007ffa8ae50000 - 0x00007ffa8ae78000 	C:\WINDOWS\SYSTEM32\DEVOBJ.dll
0x00007ffa8ca00000 - 0x00007ffa8ca55000 	C:\WINDOWS\System32\WINTRUST.dll
0x00007ffa8c270000 - 0x00007ffa8c280000 	C:\WINDOWS\System32\MSASN1.dll
0x00007ffa8cf70000 - 0x00007ffa8d138000 	C:\WINDOWS\System32\CRYPT32.dll
0x00007ffa897d0000 - 0x00007ffa897da000 	C:\WINDOWS\SYSTEM32\msdmo.dll
0x00007ffa896d0000 - 0x00007ffa89703000 	C:\Windows\System32\qcap.dll
0x00007ffa874f0000 - 0x00007ffa876b3000 	C:\Windows\System32\quartz.dll
0x00007ffa8be20000 - 0x00007ffa8be4b000 	C:\Windows\System32\bcrypt.dll
0x00007ffa8ee90000 - 0x00007ffa8efeb000 	C:\WINDOWS\System32\MSCTF.dll
0x00007ffa89c60000 - 0x00007ffa89c86000 	C:\WINDOWS\system32\dwmapi.dll
0x00007ffa874a0000 - 0x00007ffa874e8000 	C:\Windows\System32\mfksproxy.dll
0x00007ffa87480000 - 0x00007ffa8749c000 	C:\Windows\System32\ATL.DLL
0x00007ffa88ea0000 - 0x00007ffa89008000 	C:\Windows\System32\MFPlat.DLL
0x00007ffa88da0000 - 0x00007ffa88dce000 	C:\Windows\System32\RTWorkQ.DLL
0x00007ffa86bb0000 - 0x00007ffa86f9b000 	C:\Windows\System32\MFCORE.dll
0x00007ffa897c0000 - 0x00007ffa897c9000 	C:\Windows\System32\ksuser.dll
0x00007ffa8bd10000 - 0x00007ffa8bd1b000 	C:\Windows\System32\CRYPTBASE.DLL
0x00007ffa7ac40000 - 0x00007ffa7ac92000 	C:\Windows\System32\FSClient.dll
0x00007ffa7abf0000 - 0x00007ffa7ac3d000 	C:\Windows\System32\MFSENSORGROUP.dll
0x00007ffa88be0000 - 0x00007ffa88beb000 	C:\Windows\System32\AVRT.dll
0x00007ffa896c0000 - 0x00007ffa896cd000 	C:\Windows\System32\vidcap.ax
0x00007ffa87450000 - 0x00007ffa87475000 	C:\Windows\System32\kswdmcap.ax
0x00007ffa7a740000 - 0x00007ffa7a8a3000 	C:\Windows\System32\MFC42.dll
0x00007ffa7a5e0000 - 0x00007ffa7a68f000 	C:\Windows\System32\ODBC32.dll
0x00007ffa8b7c0000 - 0x00007ffa8b7ca000 	C:\Windows\System32\DPAPI.dll
0x00007ffa8a780000 - 0x00007ffa8a7c3000 	C:\WINDOWS\SYSTEM32\policymanager.dll
0x00007ffa8ac90000 - 0x00007ffa8ad21000 	C:\Windows\System32\msvcp110_win.dll
0x00007ffa7a500000 - 0x00007ffa7a5d4000 	C:\Windows\System32\MFReadWrite.dll
0x00007ffa7a450000 - 0x00007ffa7a4f3000 	C:\Windows\System32\qedit.dll
0x00007ffa8d370000 - 0x00007ffa8d46a000 	C:\WINDOWS\System32\COMDLG32.dll
0x00007ffa7fd80000 - 0x00007ffa7ff19000 	C:\WINDOWS\WinSxS\amd64_microsoft.windows.gdiplus_6595b64144ccf1df_1.1.14393.0_none_acd6c01ad1498de0\gdiplus.dll
0x00007ffa6d190000 - 0x00007ffa6d287000 	C:\Windows\System32\DDRAW.dll
0x00007ffa6dca0000 - 0x00007ffa6dca8000 	C:\Windows\System32\DCIMAN32.dll
0x00007ffa7a3a0000 - 0x00007ffa7a44b000 	C:\WINDOWS\System32\msvproc.dll
0x0000000066840000 - 0x00000000676b4000 	C:\Users\Theo Kachelski\git\2017-Vision-Testing\VisionTracking\files\opencv_ffmpeg310_64.dll
0x0000000075fe0000 - 0x0000000076178000 	C:\Program Files\Java\jre1.8.0_102\bin\awt.dll
0x00007ffa8a700000 - 0x00007ffa8a77a000 	C:\WINDOWS\SYSTEM32\apphelp.dll
0x0000000075f90000 - 0x0000000075fd7000 	C:\Program Files\Java\jre1.8.0_102\bin\fontmanager.dll
0x00000000762c0000 - 0x00000000762da000 	C:\Program Files\Java\jre1.8.0_102\bin\net.dll
0x00007ffa8bb70000 - 0x00007ffa8bbcc000 	C:\WINDOWS\system32\mswsock.dll
0x00000000762a0000 - 0x00000000762b1000 	C:\Program Files\Java\jre1.8.0_102\bin\nio.dll
0x0000000075f40000 - 0x0000000075f82000 	C:\Program Files\Java\jre1.8.0_102\bin\t2k.dll
0x00007ffa898b0000 - 0x00007ffa89a42000 	C:\WINDOWS\SYSTEM32\dbghelp.dll

VM Arguments:
jvm_args: -Djava.library.path=C:\Users\Theo Kachelski\Downloads\opencv\build\x64 -Dfile.encoding=Cp1252 
java_command: opencv.LiveVideoFeedHighFPS
java_class_path (initial): C:\Users\Theo Kachelski\git\2017-Vision-Testing\VisionTracking\bin;C:\Users\Theo Kachelski\Downloads\opencv\build\java\opencv-310.jar
Launcher Type: SUN_STANDARD

Environment Variables:
PATH=C:/Program Files/Java/jre1.8.0_102/bin/server;C:/Program Files/Java/jre1.8.0_102/bin;C:/Program Files/Java/jre1.8.0_102/lib/amd64;C:\ProgramData\Oracle\Java\javapath;C:\Program Files (x86)\Intel\iCLS Client\;C:\Program Files\Intel\iCLS Client\;C:\WINDOWS\system32;C:\WINDOWS;C:\WINDOWS\System32\Wbem;C:\WINDOWS\System32\WindowsPowerShell\v1.0\;C:\Program Files (x86)\Intel\Intel(R) Management Engine Components\DAL;C:\Program Files\Intel\Intel(R) Management Engine Components\DAL;C:\Program Files (x86)\Intel\Intel(R) Management Engine Components\IPT;"C:\Users\Theo Kachelski\Downloads\opencv\build\java";C:\Users\Theo Kachelski\AppData\Local\Microsoft\WindowsApps;;C:\Users\Theo Kachelski\Desktop;
USERNAME=Theo Kachelski
OS=Windows_NT
PROCESSOR_IDENTIFIER=Intel64 Family 6 Model 78 Stepping 3, GenuineIntel



---------------  S Y S T E M  ---------------

OS: Windows 10.0 , 64 bit Build 14393 (10.0.14393.0)

CPU:total 4 (2 cores per cpu, 2 threads per core) family 6 model 78 stepping 3, cmov, cx8, fxsr, mmx, sse, sse2, sse3, ssse3, sse4.1, sse4.2, popcnt, avx, avx2, aes, clmul, erms, rtm, 3dnowpref, lzcnt, ht, tsc, tscinvbit, bmi1, bmi2, adx

Memory: 4k page, physical 16641120k(13895592k free), swap 19655776k(16017396k free)

vm_info: Java HotSpot(TM) 64-Bit Server VM (25.102-b14) for windows-amd64 JRE (1.8.0_102-b14), built on Jun 22 2016 13:15:21 by "java_re" with MS VC++ 10.0 (VS2010)

time: Tue Oct 18 10:29:41 2016
elapsed time: 4 seconds (0d 0h 0m 4s)

